<?xml version="1.0" encoding="UTF-8"?>
<!-- Generated by org.testng.reporters.JUnitXMLReporter -->
<testsuite hostname="INW1PBBE01D" name="Default test" tests="7" failures="0" timestamp="26 Feb 2017 08:23:46 GMT" time="186.501" errors="0">
  <testcase name="testlogin" time="4.802" classname="loginmodule.TestLogin"/>
  <testcase name="testlogin" time="4.84" classname="loginmodule.TestLogin"/>
  <testcase name="testlogin" time="4.432" classname="loginmodule.TestLogin"/>
  <testcase name="testlogin" time="4.751" classname="loginmodule.TestLogin"/>
  <testcase name="testlogin" time="3.01" classname="loginmodule.TestLogin"/>
  <testcase name="testlogin" time="4.177" classname="loginmodule.TestLogin"/>
  <testcase name="testlogin" time="2.423" classname="loginmodule.TestLogin"/>
</testsuite> <!-- Default test -->
